<?xml version="1.0" encoding="UTF-8"?>
<!-- Generated by org.testng.reporters.JUnitXMLReporter -->
<testsuite ignored="0" hostname="Anik" failures="0" tests="6" name="Default test" time="0.889" errors="0" timestamp="11 Nov. 2019 01:26:50 GMT">
  <testcase classname="dataprovider.FacebookDataExcel" name="facebookSignUp" time="0.013"/>
  <testcase classname="dataprovider.FacebookDataExcel" name="facebookSignUp" time="0.003"/>
  <testcase classname="dataprovider.FacebookDataExcel" name="facebookSignUp" time="0.003"/>
  <testcase classname="dataprovider.FacebookDataExcel" name="facebookSignUp" time="0.002"/>
  <testcase classname="dataprovider.FacebookDataExcel" name="facebookSignUp" time="0.006"/>
  <testcase classname="dataprovider.FacebookDataExcel" name="facebookSignUp" time="0.003"/>
</testsuite> <!-- Default test -->
