<?xml version="1.0" encoding="UTF-8"?>
<testng-results ignored="0" total="6" passed="6" failed="0" skipped="0">
  <reporter-output>
  </reporter-output>
  <suite started-at="2019-11-11T01:26:49Z" name="Default suite" finished-at="2019-11-11T01:26:50Z" duration-ms="889">
    <groups>
    </groups>
    <test started-at="2019-11-11T01:26:49Z" name="Default test" finished-at="2019-11-11T01:26:50Z" duration-ms="889">
      <class name="dataprovider.FacebookDataExcel">
        <test-method signature="facebookSignUp(java.lang.String, java.lang.String, java.lang.String, java.lang.String)[pri:0, instance:dataprovider.FacebookDataExcel@7748410a]" started-at="2019-11-11T01:26:50Z" name="facebookSignUp" data-provider="excelData" finished-at="2019-11-11T01:26:50Z" duration-ms="13" status="PASS">
          <params>
            <param index="0">
              <value>
                <![CDATA[May]]>
              </value>
            </param>
            <param index="1">
              <value>
                <![CDATA[23]]>
              </value>
            </param>
            <param index="2">
              <value>
                <![CDATA[1980]]>
              </value>
            </param>
            <param index="3">
              <value>
                <![CDATA[Male]]>
              </value>
            </param>
          </params>
          <reporter-output>
          </reporter-output>
        </test-method> <!-- facebookSignUp -->
        <test-method signature="facebookSignUp(java.lang.String, java.lang.String, java.lang.String, java.lang.String)[pri:0, instance:dataprovider.FacebookDataExcel@7748410a]" started-at="2019-11-11T01:26:50Z" name="facebookSignUp" data-provider="excelData" finished-at="2019-11-11T01:26:50Z" duration-ms="3" status="PASS">
          <params>
            <param index="0">
              <value>
                <![CDATA[Jun]]>
              </value>
            </param>
            <param index="1">
              <value>
                <![CDATA[24]]>
              </value>
            </param>
            <param index="2">
              <value>
                <![CDATA[1981]]>
              </value>
            </param>
            <param index="3">
              <value>
                <![CDATA[Female]]>
              </value>
            </param>
          </params>
          <reporter-output>
          </reporter-output>
        </test-method> <!-- facebookSignUp -->
        <test-method signature="facebookSignUp(java.lang.String, java.lang.String, java.lang.String, java.lang.String)[pri:0, instance:dataprovider.FacebookDataExcel@7748410a]" started-at="2019-11-11T01:26:50Z" name="facebookSignUp" data-provider="excelData" finished-at="2019-11-11T01:26:50Z" duration-ms="3" status="PASS">
          <params>
            <param index="0">
              <value>
                <![CDATA[Sep]]>
              </value>
            </param>
            <param index="1">
              <value>
                <![CDATA[25]]>
              </value>
            </param>
            <param index="2">
              <value>
                <![CDATA[1982]]>
              </value>
            </param>
            <param index="3">
              <value>
                <![CDATA[Male]]>
              </value>
            </param>
          </params>
          <reporter-output>
          </reporter-output>
        </test-method> <!-- facebookSignUp -->
        <test-method signature="facebookSignUp(java.lang.String, java.lang.String, java.lang.String, java.lang.String)[pri:0, instance:dataprovider.FacebookDataExcel@7748410a]" started-at="2019-11-11T01:26:50Z" name="facebookSignUp" data-provider="excelData" finished-at="2019-11-11T01:26:50Z" duration-ms="2" status="PASS">
          <params>
            <param index="0">
              <value>
                <![CDATA[Month]]>
              </value>
            </param>
            <param index="1">
              <value>
                <![CDATA[Day]]>
              </value>
            </param>
            <param index="2">
              <value>
                <![CDATA[Year]]>
              </value>
            </param>
            <param index="3">
              <value>
                <![CDATA[Female]]>
              </value>
            </param>
          </params>
          <reporter-output>
          </reporter-output>
        </test-method> <!-- facebookSignUp -->
        <test-method signature="facebookSignUp(java.lang.String, java.lang.String, java.lang.String, java.lang.String)[pri:0, instance:dataprovider.FacebookDataExcel@7748410a]" started-at="2019-11-11T01:26:50Z" name="facebookSignUp" data-provider="excelData" finished-at="2019-11-11T01:26:50Z" duration-ms="6" status="PASS">
          <params>
            <param index="0">
              <value>
                <![CDATA[May]]>
              </value>
            </param>
            <param index="1">
              <value>
                <![CDATA[26]]>
              </value>
            </param>
            <param index="2">
              <value>
                <![CDATA[1983]]>
              </value>
            </param>
            <param index="3">
              <value>
                <![CDATA[Male]]>
              </value>
            </param>
          </params>
          <reporter-output>
          </reporter-output>
        </test-method> <!-- facebookSignUp -->
        <test-method signature="facebookSignUp(java.lang.String, java.lang.String, java.lang.String, java.lang.String)[pri:0, instance:dataprovider.FacebookDataExcel@7748410a]" started-at="2019-11-11T01:26:50Z" name="facebookSignUp" data-provider="excelData" finished-at="2019-11-11T01:26:50Z" duration-ms="3" status="PASS">
          <params>
            <param index="0">
              <value>
                <![CDATA[Jun]]>
              </value>
            </param>
            <param index="1">
              <value>
                <![CDATA[27]]>
              </value>
            </param>
            <param index="2">
              <value>
                <![CDATA[1984]]>
              </value>
            </param>
            <param index="3">
              <value>
                <![CDATA[Female]]>
              </value>
            </param>
          </params>
          <reporter-output>
          </reporter-output>
        </test-method> <!-- facebookSignUp -->
      </class> <!-- dataprovider.FacebookDataExcel -->
    </test> <!-- Default test -->
  </suite> <!-- Default suite -->
</testng-results>
