<?xml version="1.0" encoding="UTF-8"?>
<!-- Generated by org.testng.reporters.JUnitXMLReporter -->
<testsuite ignored="0" hostname="Anik" failures="0" tests="7" name="Command line test" time="24.262" errors="0" timestamp="11 Nov. 2019 12:00:32 GMT">
  <testcase classname="dataprovider.OurWebSiteExcelTest" name="OurWebSite" time="1.297"/>
  <testcase classname="dataprovider.OurWebSiteExcelTest" name="OurWebSite" time="3.881"/>
  <testcase classname="dataprovider.OurWebSiteExcelTest" name="OurWebSite" time="4.1"/>
  <testcase classname="dataprovider.OurWebSiteExcelTest" name="OurWebSite" time="1.005"/>
  <testcase classname="dataprovider.OurWebSiteExcelTest" name="OurWebSite" time="3.812"/>
  <testcase classname="dataprovider.OurWebSiteExcelTest" name="OurWebSite" time="0.798"/>
  <testcase classname="dataprovider.OurWebSiteExcelTest" name="OurWebSite" time="3.799"/>
</testsuite> <!-- Command line test -->
